build/app/intermediates/manifest_merge_blame_file/debug/manifest-merger-blame-debug-report.txt
1<?xml version="1.0" encoding="utf-8"?>
2<manifest xmlns:android="http://schemas.android.com/apk/res/android"
3    package="com.example.gym"
4    android:versionCode="1"
5    android:versionName="1.0.0" >
6
7    <uses-sdk
8        android:minSdkVersion="24"
9        android:targetSdkVersion="28" />
10    <!--
11         Flutter needs it to communicate with the running application
12         to allow setting breakpoints, to provide hot reload, etc.
13    -->
14    <uses-permission android:name="android.permission.INTERNET" />
14-->src/debug/AndroidManifest.xml:6:5-66
14-->src/debug/AndroidManifest.xml:6:22-64
15    <uses-permission android:name="android.permission.READ_EXTERNAL_STORAGE" />
15-->[:image_picker] AndroidManifest.xml:7:5-80
15-->[:image_picker] AndroidManifest.xml:7:22-77
16    <uses-permission android:name="android.permission.WRITE_EXTERNAL_STORAGE" />
16-->[:image_picker] AndroidManifest.xml:8:5-81
16-->[:image_picker] AndroidManifest.xml:8:22-78
17    <uses-permission android:name="android.permission.ACCESS_NETWORK_STATE" />
17-->[:connectivity] AndroidManifest.xml:7:5-79
17-->[:connectivity] AndroidManifest.xml:7:22-76
18    <uses-permission android:name="android.permission.ACCESS_WIFI_STATE" />
18-->[:connectivity] AndroidManifest.xml:8:5-76
18-->[:connectivity] AndroidManifest.xml:8:22-73
19    <uses-permission android:name="android.permission.CAMERA" /> <!-- Don't require camera, as this requires a rear camera. This allows it to work on the Nexus 7 -->
19-->[com.journeyapps:zxing-android-embedded:4.0.2] AndroidManifest.xml:22:5-65
19-->[com.journeyapps:zxing-android-embedded:4.0.2] AndroidManifest.xml:22:22-62
20    <uses-feature
20-->[com.journeyapps:zxing-android-embedded:4.0.2] AndroidManifest.xml:25:5-27:36
21        android:name="android.hardware.camera"
21-->[com.journeyapps:zxing-android-embedded:4.0.2] AndroidManifest.xml:26:9-47
22        android:required="false" />
22-->[com.journeyapps:zxing-android-embedded:4.0.2] AndroidManifest.xml:27:9-33
23    <uses-feature
23-->[com.journeyapps:zxing-android-embedded:4.0.2] AndroidManifest.xml:28:5-30:36
24        android:name="android.hardware.camera.front"
24-->[com.journeyapps:zxing-android-embedded:4.0.2] AndroidManifest.xml:29:9-53
25        android:required="false" /> <!-- TODO replace above two with next line after Android 4.2 -->
25-->[com.journeyapps:zxing-android-embedded:4.0.2] AndroidManifest.xml:30:9-33
26    <!-- <uses-feature android:name="android.hardware.camera.any"/> -->
27    <uses-feature
27-->[com.journeyapps:zxing-android-embedded:4.0.2] AndroidManifest.xml:33:5-35:36
28        android:name="android.hardware.camera.autofocus"
28-->[com.journeyapps:zxing-android-embedded:4.0.2] AndroidManifest.xml:34:9-57
29        android:required="false" />
29-->[com.journeyapps:zxing-android-embedded:4.0.2] AndroidManifest.xml:35:9-33
30    <uses-feature
30-->[com.journeyapps:zxing-android-embedded:4.0.2] AndroidManifest.xml:36:5-38:36
31        android:name="android.hardware.camera.flash"
31-->[com.journeyapps:zxing-android-embedded:4.0.2] AndroidManifest.xml:37:9-53
32        android:required="false" />
32-->[com.journeyapps:zxing-android-embedded:4.0.2] AndroidManifest.xml:38:9-33
33    <uses-feature
33-->[com.journeyapps:zxing-android-embedded:4.0.2] AndroidManifest.xml:39:5-41:36
34        android:name="android.hardware.screen.landscape"
34-->[com.journeyapps:zxing-android-embedded:4.0.2] AndroidManifest.xml:40:9-57
35        android:required="false" />
35-->[com.journeyapps:zxing-android-embedded:4.0.2] AndroidManifest.xml:41:9-33
36    <uses-feature
36-->[com.journeyapps:zxing-android-embedded:4.0.2] AndroidManifest.xml:42:5-44:36
37        android:name="android.hardware.wifi"
37-->[com.journeyapps:zxing-android-embedded:4.0.2] AndroidManifest.xml:43:9-45
38        android:required="false" />
38-->[com.journeyapps:zxing-android-embedded:4.0.2] AndroidManifest.xml:44:9-33
39    <!--
40 io.flutter.app.FlutterApplication is an android.app.Application that
41         calls FlutterMain.startInitialization(this); in its onCreate method.
42         In most cases you can leave this as-is, but you if you want to provide
43         additional functionality it is fine to subclass or reimplement
44         FlutterApplication and put your custom class here.
45    -->
46    <application
46-->src/main/AndroidManifest.xml:8:5-46:19
47        android:name="io.flutter.app.FlutterApplication"
47-->src/main/AndroidManifest.xml:9:9-57
48        android:appComponentFactory="androidx.core.app.CoreComponentFactory"
48-->[androidx.core:core:1.1.0] AndroidManifest.xml:24:18-86
49        android:debuggable="true"
50        android:extractNativeLibs="false"
51        android:icon="@mipmap/ic_launcher"
51-->src/main/AndroidManifest.xml:11:9-43
52        android:label="gym" >
52-->src/main/AndroidManifest.xml:10:9-28
53        <activity
53-->src/main/AndroidManifest.xml:12:9-40:20
54            android:name="com.example.gym.MainActivity"
54-->src/main/AndroidManifest.xml:13:13-41
55            android:configChanges="orientation|keyboardHidden|keyboard|screenSize|smallestScreenSize|locale|layoutDirection|fontScale|screenLayout|density|uiMode"
55-->src/main/AndroidManifest.xml:16:13-163
56            android:hardwareAccelerated="true"
56-->src/main/AndroidManifest.xml:17:13-47
57            android:launchMode="singleTop"
57-->src/main/AndroidManifest.xml:14:13-43
58            android:theme="@style/LaunchTheme"
58-->src/main/AndroidManifest.xml:15:13-47
59            android:windowSoftInputMode="adjustResize" >
59-->src/main/AndroidManifest.xml:18:13-55
60
61            <!--
62                 Specifies an Android theme to apply to this Activity as soon as
63                 the Android process has started. This theme is visible to the user
64                 while the Flutter UI initializes. After that, this theme continues
65                 to determine the Window background behind the Flutter UI.
66            -->
67            <meta-data
67-->src/main/AndroidManifest.xml:23:13-26:17
68                android:name="io.flutter.embedding.android.NormalTheme"
68-->src/main/AndroidManifest.xml:24:15-70
69                android:resource="@style/NormalTheme" />
69-->src/main/AndroidManifest.xml:25:15-52
70            <!--
71                 Displays an Android View that continues showing the launch screen
72                 Drawable until Flutter paints its first frame, then this splash
73                 screen fades out. A splash screen is useful to avoid any visual
74                 gap between the end of Android's launch screen and the painting of
75                 Flutter's first frame.
76            -->
77            <meta-data
77-->src/main/AndroidManifest.xml:32:13-35:17
78                android:name="io.flutter.embedding.android.SplashScreenDrawable"
78-->src/main/AndroidManifest.xml:33:15-79
79                android:resource="@drawable/launch_background" />
79-->src/main/AndroidManifest.xml:34:15-61
80
81            <intent-filter>
81-->src/main/AndroidManifest.xml:36:13-39:29
82                <action android:name="android.intent.action.MAIN" />
82-->src/main/AndroidManifest.xml:37:17-68
82-->src/main/AndroidManifest.xml:37:25-66
83
84                <category android:name="android.intent.category.LAUNCHER" />
84-->src/main/AndroidManifest.xml:38:17-76
84-->src/main/AndroidManifest.xml:38:27-74
85            </intent-filter>
86        </activity>
87        <!--
88             Don't delete the meta-data below.
89             This is used by the Flutter tool to generate GeneratedPluginRegistrant.java
90        -->
91        <meta-data
91-->src/main/AndroidManifest.xml:43:9-45:33
92            android:name="flutterEmbedding"
92-->src/main/AndroidManifest.xml:44:13-44
93            android:value="2" />
93-->src/main/AndroidManifest.xml:45:13-30
94
95        <provider
95-->[:image_picker] AndroidManifest.xml:11:9-19:20
96            android:name="io.flutter.plugins.imagepicker.ImagePickerFileProvider"
96-->[:image_picker] AndroidManifest.xml:12:13-82
97            android:authorities="com.example.gym.flutter.image_provider"
97-->[:image_picker] AndroidManifest.xml:13:13-74
98            android:exported="false"
98-->[:image_picker] AndroidManifest.xml:14:13-37
99            android:grantUriPermissions="true" >
99-->[:image_picker] AndroidManifest.xml:15:13-47
100            <meta-data
100-->[:image_picker] AndroidManifest.xml:16:13-18:75
101                android:name="android.support.FILE_PROVIDER_PATHS"
101-->[:image_picker] AndroidManifest.xml:17:17-67
102                android:resource="@xml/flutter_image_picker_file_paths" />
102-->[:image_picker] AndroidManifest.xml:18:17-72
103        </provider>
104
105        <activity
105-->[com.google.android.gms:play-services-auth:17.0.0] AndroidManifest.xml:23:9-27:75
106            android:name="com.google.android.gms.auth.api.signin.internal.SignInHubActivity"
106-->[com.google.android.gms:play-services-auth:17.0.0] AndroidManifest.xml:24:13-93
107            android:excludeFromRecents="true"
107-->[com.google.android.gms:play-services-auth:17.0.0] AndroidManifest.xml:25:13-46
108            android:exported="false"
108-->[com.google.android.gms:play-services-auth:17.0.0] AndroidManifest.xml:26:13-37
109            android:theme="@android:style/Theme.Translucent.NoTitleBar" />
109-->[com.google.android.gms:play-services-auth:17.0.0] AndroidManifest.xml:27:13-72
110        <!--
111            Service handling Google Sign-In user revocation. For apps that do not integrate with
112            Google Sign-In, this service will never be started.
113        -->
114        <service
114-->[com.google.android.gms:play-services-auth:17.0.0] AndroidManifest.xml:33:9-36:110
115            android:name="com.google.android.gms.auth.api.signin.RevocationBoundService"
115-->[com.google.android.gms:play-services-auth:17.0.0] AndroidManifest.xml:34:13-89
116            android:exported="true"
116-->[com.google.android.gms:play-services-auth:17.0.0] AndroidManifest.xml:35:13-36
117            android:permission="com.google.android.gms.auth.api.signin.permission.REVOCATION_NOTIFICATION" />
117-->[com.google.android.gms:play-services-auth:17.0.0] AndroidManifest.xml:36:13-107
118
119        <activity
119-->[com.google.android.gms:play-services-base:17.0.0] AndroidManifest.xml:23:9-26:75
120            android:name="com.google.android.gms.common.api.GoogleApiActivity"
120-->[com.google.android.gms:play-services-base:17.0.0] AndroidManifest.xml:24:13-79
121            android:exported="false"
121-->[com.google.android.gms:play-services-base:17.0.0] AndroidManifest.xml:25:13-37
122            android:theme="@android:style/Theme.Translucent.NoTitleBar" />
122-->[com.google.android.gms:play-services-base:17.0.0] AndroidManifest.xml:26:13-72
123
124        <meta-data
124-->[com.google.android.gms:play-services-basement:17.0.0] AndroidManifest.xml:23:9-25:69
125            android:name="com.google.android.gms.version"
125-->[com.google.android.gms:play-services-basement:17.0.0] AndroidManifest.xml:24:13-58
126            android:value="@integer/google_play_services_version" />
126-->[com.google.android.gms:play-services-basement:17.0.0] AndroidManifest.xml:25:13-66
127
128        <activity
128-->[com.journeyapps:zxing-android-embedded:4.0.2] AndroidManifest.xml:47:9-53:63
129            android:name="com.journeyapps.barcodescanner.CaptureActivity"
129-->[com.journeyapps:zxing-android-embedded:4.0.2] AndroidManifest.xml:48:13-74
130            android:clearTaskOnLaunch="true"
130-->[com.journeyapps:zxing-android-embedded:4.0.2] AndroidManifest.xml:49:13-45
131            android:screenOrientation="sensorLandscape"
131-->[com.journeyapps:zxing-android-embedded:4.0.2] AndroidManifest.xml:50:13-56
132            android:stateNotNeeded="true"
132-->[com.journeyapps:zxing-android-embedded:4.0.2] AndroidManifest.xml:51:13-42
133            android:theme="@style/zxing_CaptureTheme"
133-->[com.journeyapps:zxing-android-embedded:4.0.2] AndroidManifest.xml:52:13-54
134            android:windowSoftInputMode="stateAlwaysHidden" />
134-->[com.journeyapps:zxing-android-embedded:4.0.2] AndroidManifest.xml:53:13-60
135    </application>
136
137</manifest>